<?xml version="1.0" encoding="UTF-8"?>
<!-- Generated by org.testng.reporters.JUnitReportReporter -->
<testsuite hostname="HYDL-001375A" failures="0" tests="1" name="com.M42.execution.TestExecution" time="55.341" errors="0" timestamp="2024-03-19T10:25:54 IST" skipped="0">
  <testcase classname="com.M42.execution.TestExecution" name="PatientRegistration" time="55.341"/>
  <system-out/>
</testsuite> <!-- com.M42.execution.TestExecution -->
